[21:27:14] [main/INFO]: Environment: authHost='https://authserver.mojang.com', accountsHost='https://api.mojang.com', sessionHost='https://sessionserver.mojang.com', servicesHost='https://api.minecraftservices.com', name='PROD'
[21:27:15] [main/WARN]: Ambiguity between arguments [teleport, destination] and [teleport, targets] with inputs: [Player, 0123, @e, dd12be42-52a9-4a91-a8a1-11c01849e498]
[21:27:15] [main/WARN]: Ambiguity between arguments [teleport, location] and [teleport, destination] with inputs: [0.1 -0.5 .9, 0 0 0]
[21:27:15] [main/WARN]: Ambiguity between arguments [teleport, location] and [teleport, targets] with inputs: [0.1 -0.5 .9, 0 0 0]
[21:27:15] [main/WARN]: Ambiguity between arguments [teleport, targets] and [teleport, destination] with inputs: [Player, 0123, dd12be42-52a9-4a91-a8a1-11c01849e498]
[21:27:15] [main/WARN]: Ambiguity between arguments [teleport, targets, location] and [teleport, targets, destination] with inputs: [0.1 -0.5 .9, 0 0 0]
[21:27:15] [main/INFO]: Reloading ResourceManager: Default
[21:27:15] [Worker-Main-10/INFO]: Loaded 7 recipes
[21:27:15] [Worker-Main-10/INFO]: Loaded 927 advancements
[21:27:16] [Server thread/INFO]: Starting minecraft server version 1.16.4
[21:27:16] [Server thread/INFO]: Loading properties
[21:27:16] [Server thread/INFO]: Default game type: SURVIVAL
[21:27:16] [Server thread/INFO]: Generating keypair
[21:27:16] [Server thread/INFO]: Starting Minecraft server on *:25565
[21:27:16] [Server thread/INFO]: Using default channel type
[21:27:17] [Server thread/INFO]: Preparing level "world"
[21:27:21] [Server thread/INFO]: Preparing start region for dimension minecraft:overworld
[21:27:21] [Worker-Main-8/INFO]: Preparing spawn area: 0%
[21:27:22] [Worker-Main-13/INFO]: Preparing spawn area: 0%
[21:27:22] [Worker-Main-12/INFO]: Preparing spawn area: 0%
[21:27:23] [Worker-Main-12/INFO]: Preparing spawn area: 3%
[21:27:23] [Worker-Main-12/INFO]: Preparing spawn area: 4%
[21:27:24] [Worker-Main-14/INFO]: Preparing spawn area: 10%
[21:27:24] [Worker-Main-12/INFO]: Preparing spawn area: 13%
[21:27:25] [Worker-Main-8/INFO]: Preparing spawn area: 16%
[21:27:26] [Worker-Main-14/INFO]: Preparing spawn area: 21%
[21:27:26] [Worker-Main-14/INFO]: Preparing spawn area: 21%
[21:27:26] [Worker-Main-9/INFO]: Preparing spawn area: 21%
[21:27:27] [Worker-Main-8/INFO]: Preparing spawn area: 30%
[21:27:27] [Worker-Main-10/INFO]: Preparing spawn area: 34%
[21:27:28] [Worker-Main-11/INFO]: Preparing spawn area: 35%
[21:27:28] [Worker-Main-9/INFO]: Preparing spawn area: 49%
[21:27:29] [Worker-Main-9/INFO]: Preparing spawn area: 56%
[21:27:29] [Worker-Main-9/INFO]: Preparing spawn area: 63%
[21:27:30] [Worker-Main-11/INFO]: Preparing spawn area: 70%
[21:27:30] [Worker-Main-9/INFO]: Preparing spawn area: 77%
[21:27:31] [Worker-Main-13/INFO]: Preparing spawn area: 84%
[21:27:31] [Worker-Main-12/INFO]: Preparing spawn area: 91%
[21:27:32] [Worker-Main-12/INFO]: Preparing spawn area: 98%
[21:27:32] [Server thread/INFO]: Time elapsed: 10582 ms
[21:27:32] [Server thread/INFO]: Done (14.907s)! For help, type "help"
